#
# There is insufficient memory for the Java Runtime Environment to continue.
# Native memory allocation (malloc) failed to allocate 1048576 bytes for AllocateHeap
# Possible reasons:
#   The system is out of physical RAM or swap space
#   The process is running with CompressedOops enabled, and the Java Heap may be blocking the growth of the native heap
# Possible solutions:
#   Reduce memory load on the system
#   Increase physical memory or swap space
#   Check if swap backing store is full
#   Decrease Java heap size (-Xmx/-Xms)
#   Decrease number of Java threads
#   Decrease Java thread stack sizes (-Xss)
#   Set larger code cache with -XX:ReservedCodeCacheSize=
#   JVM is running with Unscaled Compressed Oops mode in which the Java heap is
#     placed in the first 4GB address space. The Java Heap base address is the
#     maximum limit for the native heap growth. Please use -XX:HeapBaseMinAddress
#     to set the Java Heap base and to place the Java Heap above 4GB virtual address.
# This output file may be truncated or incomplete.
#
#  Out of Memory Error (src/hotspot/share/memory/allocation.cpp:46), pid=29792, tid=9904
#
# JRE version: OpenJDK Runtime Environment JBR-11.0.14.1.1-2043.45-jcef (11.0.14.1+1) (build 11.0.14.1+1-b2043.45)
# Java VM: OpenJDK 64-Bit Server VM JBR-11.0.14.1.1-2043.45-jcef (11.0.14.1+1-b2043.45, mixed mode, tiered, compressed oops, g1 gc, windows-amd64)
# No core dump will be written. Minidumps are not enabled by default on client versions of Windows
#

---------------  S U M M A R Y ------------

Command Line: -Djava.rmi.server.hostname=127.0.0.1 -Duser.timezone=UTC -Xmx750m -Xms128m -Dfile.encoding=UTF-8 com.intellij.database.remote.RemoteJdbcServer org.postgresql.Driver

Host: Intel(R) Core(TM) i7-8550U CPU @ 1.80GHz, 8 cores, 15G,  Windows 10 , 64 bit Build 19041 (10.0.19041.2251)
Time: Mon Dec 19 01:09:43 2022 Central Europe Standard Time elapsed time: 0.727897 seconds (0d 0h 0m 0s)

---------------  T H R E A D  ---------------

Current thread (0x000002714b406000):  VMThread "VM Thread" [stack: 0x000000def5500000,0x000000def5600000] [id=9904]

Stack: [0x000000def5500000,0x000000def5600000]
[error occurred during error reporting (printing stack bounds), id 0xc0000005, EXCEPTION_ACCESS_VIOLATION (0xc0000005) at pc=0x0000027137ac112d]

Native frames: (J=compiled Java code, j=interpreted, Vv=VM code, C=native code)
V  [jvm.dll+0x61618a]
V  [jvm.dll+0x79c450]
V  [jvm.dll+0x79da6d]
V  [jvm.dll+0x79e0a5]
V  [jvm.dll+0x79e05b]
V  [jvm.dll+0x6152b4]
V  [jvm.dll+0x615a48]
C  [ntdll.dll+0xa241f]
C  [ntdll.dll+0x514a4]
C  [ntdll.dll+0xa0f4e]
C  0x0000027137ac112d

VM_Operation (0x000000def4ff9de0): CollectForMetadataAllocation, mode: safepoint, requested by thread 0x0000027133e5f800


---------------  P R O C E S S  ---------------

Threads class SMR info:
_java_thread_list=0x000002714bf0f720, length=11, elements={
0x0000027133e5f800, 0x000002714b429000, 0x000002714b42a000, 0x000002714b444800,
0x000002714b445800, 0x000002714b446800, 0x000002714b453000, 0x000002714b45d800,
0x000002714b45f000, 0x000002714bf1e800, 0x000002714bf45800
}

Java Threads: ( => current thread )
  0x0000027133e5f800 JavaThread "main" [_thread_blocked, id=27280, stack(0x000000def4f00000,0x000000def5000000)]
  0x000002714b429000 JavaThread "Reference Handler" daemon [_thread_blocked, id=21876, stack(0x000000def5600000,0x000000def5700000)]
  0x000002714b42a000 JavaThread "Finalizer" daemon [_thread_blocked, id=5664, stack(0x000000def5700000,0x000000def5800000)]
  0x000002714b444800 JavaThread "Signal Dispatcher" daemon [_thread_blocked, id=24012, stack(0x000000def5800000,0x000000def5900000)]
  0x000002714b445800 JavaThread "Attach Listener" daemon [_thread_blocked, id=29060, stack(0x000000def5900000,0x000000def5a00000)]
  0x000002714b446800 JavaThread "Service Thread" daemon [_thread_blocked, id=35540, stack(0x000000def5a00000,0x000000def5b00000)]
  0x000002714b453000 JavaThread "C2 CompilerThread0" daemon [_thread_blocked, id=25580, stack(0x000000def5b00000,0x000000def5c00000)]
  0x000002714b45d800 JavaThread "C1 CompilerThread0" daemon [_thread_blocked, id=14848, stack(0x000000def5c00000,0x000000def5d00000)]
  0x000002714b45f000 JavaThread "Sweeper thread" daemon [_thread_blocked, id=18668, stack(0x000000def5d00000,0x000000def5e00000)]
  0x000002714bf1e800 JavaThread "Common-Cleaner" daemon [_thread_blocked, id=12640, stack(0x000000def5f00000,0x000000def6000000)]
  0x000002714bf45800 JavaThread "C2 CompilerThread1" daemon [_thread_blocked, id=29196, stack(0x000000def6000000,0x000000def6100000)]

Other Threads:
=>0x000002714b406000 VMThread "VM Thread" [stack: 0x000000def5500000,0x000000def5600000] [id=9904]
  0x000002714bf18800 WatcherThread [stack: 0x000000def5e00000,0x000000def5f00000] [id=20084]
  0x0000027133e75800 GCTaskThread "GC Thread#0" [stack: 0x000000def5000000,0x000000def5100000] [id=16088]
  0x000002714c275000 GCTaskThread "GC Thread#1" [stack: 0x000000def6100000,0x000000def6200000] [id=28652]
  0x000002714c255800 GCTaskThread "GC Thread#2" [stack: 0x000000def6200000,0x000000def6300000] [id=38248]
  0x0000027133e90800 ConcurrentGCThread "G1 Main Marker" [stack: 0x000000def5100000,0x000000def5200000] [id=11704]
  0x0000027133e92000 ConcurrentGCThread "G1 Conc#0" [stack: 0x000000def5200000,0x000000def5300000] [id=35680]
  0x000002714bfc0800 ConcurrentGCThread "G1 Conc#1" [stack: 0x000000def6300000,0x000000def6400000] [id=28748]
  0x0000027133f31800 ConcurrentGCThread "G1 Refine#0" [stack: 0x000000def5300000,0x000000def5400000] [id=2684]
  0x0000027133f32800 ConcurrentGCThread "G1 Young RemSet Sampling" [stack: 0x000000def5400000,0x000000def5500000] [id=8244]

Threads with active compile tasks:
C2 CompilerThread0    746  433       4       java.lang.String::hashCode (49 bytes)

VM state:at safepoint (normal execution)

VM Mutex/Monitor currently owned by a thread:  ([mutex/lock_event])
[0x0000027133e5b860] Threads_lock - owner thread: 0x000002714b406000
[0x0000027133e5c310] Heap_lock - owner thread: 0x0000027133e5f800

Heap address: 0x00000000d1200000, size: 750 MB, Compressed Oops mode: 32-bit
Narrow klass base: 0x0000000000000000, Narrow klass shift: 3
Compressed class space size: 1073741824 Address: 0x0000000100000000

Heap:
 garbage-first heap   total 131072K, used 3075K [0x00000000d1200000, 0x0000000100000000)
  region size 1024K, 3 young (3072K), 3 survivors (3072K)
 Metaspace       used 8327K, capacity 8499K, committed 8576K, reserved 1064960K
  class space    used 777K, capacity 854K, committed 896K, reserved 1048576K
Heap Regions: E=young(eden), S=young(survivor), O=old, HS=humongous(starts), HC=humongous(continues), CS=collection set, F=free, A=archive, TAMS=top-at-mark-start (previous, next)
|   0|0x00000000d1200000, 0x00000000d1200e00, 0x00000000d1300000|  0%| O|  |TAMS 0x00000000d1200000, 0x00000000d1200e00| Untracked 
|   1|0x00000000d1300000, 0x00000000d1300000, 0x00000000d1400000|  0%| F|  |TAMS 0x00000000d1300000, 0x00000000d1300000| Untracked 
|   2|0x00000000d1400000, 0x00000000d1400000, 0x00000000d1500000|  0%| F|  |TAMS 0x00000000d1400000, 0x00000000d1400000| Untracked 
|   3|0x00000000d1500000, 0x00000000d1500000, 0x00000000d1600000|  0%| F|  |TAMS 0x00000000d1500000, 0x00000000d1500000| Untracked 
|   4|0x00000000d1600000, 0x00000000d1600000, 0x00000000d1700000|  0%| F|  |TAMS 0x00000000d1600000, 0x00000000d1600000| Untracked 
|   5|0x00000000d1700000, 0x00000000d1700000, 0x00000000d1800000|  0%| F|  |TAMS 0x00000000d1700000, 0x00000000d1700000| Untracked 
|   6|0x00000000d1800000, 0x00000000d1800000, 0x00000000d1900000|  0%| F|  |TAMS 0x00000000d1800000, 0x00000000d1800000| Untracked 
|   7|0x00000000d1900000, 0x00000000d1900000, 0x00000000d1a00000|  0%| F|  |TAMS 0x00000000d1900000, 0x00000000d1900000| Untracked 
|   8|0x00000000d1a00000, 0x00000000d1a00000, 0x00000000d1b00000|  0%| F|  |TAMS 0x00000000d1a00000, 0x00000000d1a00000| Untracked 
|   9|0x00000000d1b00000, 0x00000000d1b00000, 0x00000000d1c00000|  0%| F|  |TAMS 0x00000000d1b00000, 0x00000000d1b00000| Untracked 
|  10|0x00000000d1c00000, 0x00000000d1c00000, 0x00000000d1d00000|  0%| F|  |TAMS 0x00000000d1c00000, 0x00000000d1c00000| Untracked 
|  11|0x00000000d1d00000, 0x00000000d1d00000, 0x00000000d1e00000|  0%| F|  |TAMS 0x00000000d1d00000, 0x00000000d1d00000| Untracked 
|  12|0x00000000d1e00000, 0x00000000d1e00000, 0x00000000d1f00000|  0%| F|  |TAMS 0x00000000d1e00000, 0x00000000d1e00000| Untracked 
|  13|0x00000000d1f00000, 0x00000000d1f00000, 0x00000000d2000000|  0%| F|  |TAMS 0x00000000d1f00000, 0x00000000d1f00000| Untracked 
|  14|0x00000000d2000000, 0x00000000d2000000, 0x00000000d2100000|  0%| F|  |TAMS 0x00000000d2000000, 0x00000000d2000000| Untracked 
|  15|0x00000000d2100000, 0x00000000d2100000, 0x00000000d2200000|  0%| F|  |TAMS 0x00000000d2100000, 0x00000000d2100000| Untracked 
|  16|0x00000000d2200000, 0x00000000d2200000, 0x00000000d2300000|  0%| F|  |TAMS 0x00000000d2200000, 0x00000000d2200000| Untracked 
|  17|0x00000000d2300000, 0x00000000d2300000, 0x00000000d2400000|  0%| F|  |TAMS 0x00000000d2300000, 0x00000000d2300000| Untracked 
|  18|0x00000000d2400000, 0x00000000d2400000, 0x00000000d2500000|  0%| F|  |TAMS 0x00000000d2400000, 0x00000000d2400000| Untracked 
|  19|0x00000000d2500000, 0x00000000d2500000, 0x00000000d2600000|  0%| F|  |TAMS 0x00000000d2500000, 0x00000000d2500000| Untracked 
|  20|0x00000000d2600000, 0x00000000d2600000, 0x00000000d2700000|  0%| F|  |TAMS 0x00000000d2600000, 0x00000000d2600000| Untracked 
|  21|0x00000000d2700000, 0x00000000d2700000, 0x00000000d2800000|  0%| F|  |TAMS 0x00000000d2700000, 0x00000000d2700000| Untracked 
|  22|0x00000000d2800000, 0x00000000d2800000, 0x00000000d2900000|  0%| F|  |TAMS 0x00000000d2800000, 0x00000000d2800000| Untracked 
|  23|0x00000000d2900000, 0x00000000d2900000, 0x00000000d2a00000|  0%| F|  |TAMS 0x00000000d2900000, 0x00000000d2900000| Untracked 
|  24|0x00000000d2a00000, 0x00000000d2a00000, 0x00000000d2b00000|  0%| F|  |TAMS 0x00000000d2a00000, 0x00000000d2a00000| Untracked 
|  25|0x00000000d2b00000, 0x00000000d2b00000, 0x00000000d2c00000|  0%| F|  |TAMS 0x00000000d2b00000, 0x00000000d2b00000| Untracked 
|  26|0x00000000d2c00000, 0x00000000d2c00000, 0x00000000d2d00000|  0%| F|  |TAMS 0x00000000d2c00000, 0x00000000d2c00000| Untracked 
|  27|0x00000000d2d00000, 0x00000000d2d00000, 0x00000000d2e00000|  0%| F|  |TAMS 0x00000000d2d00000, 0x00000000d2d00000| Untracked 
|  28|0x00000000d2e00000, 0x00000000d2e00000, 0x00000000d2f00000|  0%| F|  |TAMS 0x00000000d2e00000, 0x00000000d2e00000| Untracked 
|  29|0x00000000d2f00000, 0x00000000d2f00000, 0x00000000d3000000|  0%| F|  |TAMS 0x00000000d2f00000, 0x00000000d2f00000| Untracked 
|  30|0x00000000d3000000, 0x00000000d3000000, 0x00000000d3100000|  0%| F|  |TAMS 0x00000000d3000000, 0x00000000d3000000| Untracked 
|  31|0x00000000d3100000, 0x00000000d3100000, 0x00000000d3200000|  0%| F|  |TAMS 0x00000000d3100000, 0x00000000d3100000| Untracked 
|  32|0x00000000d3200000, 0x00000000d3200000, 0x00000000d3300000|  0%| F|  |TAMS 0x00000000d3200000, 0x00000000d3200000| Untracked 
|  33|0x00000000d3300000, 0x00000000d3300000, 0x00000000d3400000|  0%| F|  |TAMS 0x00000000d3300000, 0x00000000d3300000| Untracked 
|  34|0x00000000d3400000, 0x00000000d3400000, 0x00000000d3500000|  0%| F|  |TAMS 0x00000000d3400000, 0x00000000d3400000| Untracked 
|  35|0x00000000d3500000, 0x00000000d3500000, 0x00000000d3600000|  0%| F|  |TAMS 0x00000000d3500000, 0x00000000d3500000| Untracked 
|  36|0x00000000d3600000, 0x00000000d3600000, 0x00000000d3700000|  0%| F|  |TAMS 0x00000000d3600000, 0x00000000d3600000| Untracked 
|  37|0x00000000d3700000, 0x00000000d3700000, 0x00000000d3800000|  0%| F|  |TAMS 0x00000000d3700000, 0x00000000d3700000| Untracked 
|  38|0x00000000d3800000, 0x00000000d3800000, 0x00000000d3900000|  0%| F|  |TAMS 0x00000000d3800000, 0x00000000d3800000| Untracked 
|  39|0x00000000d3900000, 0x00000000d3900000, 0x00000000d3a00000|  0%| F|  |TAMS 0x00000000d3900000, 0x00000000d3900000| Untracked 
|  40|0x00000000d3a00000, 0x00000000d3a00000, 0x00000000d3b00000|  0%| F|  |TAMS 0x00000000d3a00000, 0x00000000d3a00000| Untracked 
|  41|0x00000000d3b00000, 0x00000000d3b00000, 0x00000000d3c00000|  0%| F|  |TAMS 0x00000000d3b00000, 0x00000000d3b00000| Untracked 
|  42|0x00000000d3c00000, 0x00000000d3c00000, 0x00000000d3d00000|  0%| F|  |TAMS 0x00000000d3c00000, 0x00000000d3c00000| Untracked 
|  43|0x00000000d3d00000, 0x00000000d3d00000, 0x00000000d3e00000|  0%| F|  |TAMS 0x00000000d3d00000, 0x00000000d3d00000| Untracked 
|  44|0x00000000d3e00000, 0x00000000d3e00000, 0x00000000d3f00000|  0%| F|  |TAMS 0x00000000d3e00000, 0x00000000d3e00000| Untracked 
|  45|0x00000000d3f00000, 0x00000000d3f00000, 0x00000000d4000000|  0%| F|  |TAMS 0x00000000d3f00000, 0x00000000d3f00000| Untracked 
|  46|0x00000000d4000000, 0x00000000d4000000, 0x00000000d4100000|  0%| F|  |TAMS 0x00000000d4000000, 0x00000000d4000000| Untracked 
|  47|0x00000000d4100000, 0x00000000d4100000, 0x00000000d4200000|  0%| F|  |TAMS 0x00000000d4100000, 0x00000000d4100000| Untracked 
|  48|0x00000000d4200000, 0x00000000d4200000, 0x00000000d4300000|  0%| F|  |TAMS 0x00000000d4200000, 0x00000000d4200000| Untracked 
|  49|0x00000000d4300000, 0x00000000d4300000, 0x00000000d4400000|  0%| F|  |TAMS 0x00000000d4300000, 0x00000000d4300000| Untracked 
|  50|0x00000000d4400000, 0x00000000d4400000, 0x00000000d4500000|  0%| F|  |TAMS 0x00000000d4400000, 0x00000000d4400000| Untracked 
|  51|0x00000000d4500000, 0x00000000d4500000, 0x00000000d4600000|  0%| F|  |TAMS 0x00000000d4500000, 0x00000000d4500000| Untracked 
|  52|0x00000000d4600000, 0x00000000d4600000, 0x00000000d4700000|  0%| F|  |TAMS 0x00000000d4600000, 0x00000000d4600000| Untracked 
|  53|0x00000000d4700000, 0x00000000d4700000, 0x00000000d4800000|  0%| F|  |TAMS 0x00000000d4700000, 0x00000000d4700000| Untracked 
|  54|0x00000000d4800000, 0x00000000d4800000, 0x00000000d4900000|  0%| F|  |TAMS 0x00000000d4800000, 0x00000000d4800000| Untracked 
|  55|0x00000000d4900000, 0x00000000d4900000, 0x00000000d4a00000|  0%| F|  |TAMS 0x00000000d4900000, 0x00000000d4900000| Untracked 
|  56|0x00000000d4a00000, 0x00000000d4a00000, 0x00000000d4b00000|  0%| F|  |TAMS 0x00000000d4a00000, 0x00000000d4a00000| Untracked 
|  57|0x00000000d4b00000, 0x00000000d4b00000, 0x00000000d4c00000|  0%| F|  |TAMS 0x00000000d4b00000, 0x00000000d4b00000| Untracked 
|  58|0x00000000d4c00000, 0x00000000d4c00000, 0x00000000d4d00000|  0%| F|  |TAMS 0x00000000d4c00000, 0x00000000d4c00000| Untracked 
|  59|0x00000000d4d00000, 0x00000000d4d00000, 0x00000000d4e00000|  0%| F|  |TAMS 0x00000000d4d00000, 0x00000000d4d00000| Untracked 
|  60|0x00000000d4e00000, 0x00000000d4e00000, 0x00000000d4f00000|  0%| F|  |TAMS 0x00000000d4e00000, 0x00000000d4e00000| Untracked 
|  61|0x00000000d4f00000, 0x00000000d4f00000, 0x00000000d5000000|  0%| F|  |TAMS 0x00000000d4f00000, 0x00000000d4f00000| Untracked 
|  62|0x00000000d5000000, 0x00000000d5000000, 0x00000000d5100000|  0%| F|  |TAMS 0x00000000d5000000, 0x00000000d5000000| Untracked 
|  63|0x00000000d5100000, 0x00000000d5100000, 0x00000000d5200000|  0%| F|  |TAMS 0x00000000d5100000, 0x00000000d5100000| Untracked 
|  64|0x00000000d5200000, 0x00000000d5200000, 0x00000000d5300000|  0%| F|  |TAMS 0x00000000d5200000, 0x00000000d5200000| Untracked 
|  65|0x00000000d5300000, 0x00000000d5300000, 0x00000000d5400000|  0%| F|  |TAMS 0x00000000d5300000, 0x00000000d5300000| Untracked 
|  66|0x00000000d5400000, 0x00000000d5400000, 0x00000000d5500000|  0%| F|  |TAMS 0x00000000d5400000, 0x00000000d5400000| Untracked 
|  67|0x00000000d5500000, 0x00000000d5500000, 0x00000000d5600000|  0%| F|  |TAMS 0x00000000d5500000, 0x00000000d5500000| Untracked 
|  68|0x00000000d5600000, 0x00000000d5600000, 0x00000000d5700000|  0%| F|  |TAMS 0x00000000d5600000, 0x00000000d5600000| Untracked 
|  69|0x00000000d5700000, 0x00000000d5700000, 0x00000000d5800000|  0%| F|  |TAMS 0x00000000d5700000, 0x00000000d5700000| Untracked 
|  70|0x00000000d5800000, 0x00000000d5800000, 0x00000000d5900000|  0%| F|  |TAMS 0x00000000d5800000, 0x00000000d5800000| Untracked 
|  71|0x00000000d5900000, 0x00000000d5900000, 0x00000000d5a00000|  0%| F|  |TAMS 0x00000000d5900000, 0x00000000d5900000| Untracked 
|  72|0x00000000d5a00000, 0x00000000d5a00000, 0x00000000d5b00000|  0%| F|  |TAMS 0x00000000d5a00000, 0x00000000d5a00000| Untracked 
|  73|0x00000000d5b00000, 0x00000000d5b00000, 0x00000000d5c00000|  0%| F|  |TAMS 0x00000000d5b00000, 0x00000000d5b00000| Untracked 
|  74|0x00000000d5c00000, 0x00000000d5c00000, 0x00000000d5d00000|  0%| F|  |TAMS 0x00000000d5c00000, 0x00000000d5c00000| Untracked 
|  75|0x00000000d5d00000, 0x00000000d5d00000, 0x00000000d5e00000|  0%| F|  |TAMS 0x00000000d5d00000, 0x00000000d5d00000| Untracked 
|  76|0x00000000d5e00000, 0x00000000d5e00000, 0x00000000d5f00000|  0%| F|  |TAMS 0x00000000d5e00000, 0x00000000d5e00000| Untracked 
|  77|0x00000000d5f00000, 0x00000000d5f00000, 0x00000000d6000000|  0%| F|  |TAMS 0x00000000d5f00000, 0x00000000d5f00000| Untracked 
|  78|0x00000000d6000000, 0x00000000d6000000, 0x00000000d6100000|  0%| F|  |TAMS 0x00000000d6000000, 0x00000000d6000000| Untracked 
|  79|0x00000000d6100000, 0x00000000d6100000, 0x00000000d6200000|  0%| F|  |TAMS 0x00000000d6100000, 0x00000000d6100000| Untracked 
|  80|0x00000000d6200000, 0x00000000d6200000, 0x00000000d6300000|  0%| F|  |TAMS 0x00000000d6200000, 0x00000000d6200000| Untracked 
|  81|0x00000000d6300000, 0x00000000d6300000, 0x00000000d6400000|  0%| F|  |TAMS 0x00000000d6300000, 0x00000000d6300000| Untracked 
|  82|0x00000000d6400000, 0x00000000d6400000, 0x00000000d6500000|  0%| F|  |TAMS 0x00000000d6400000, 0x00000000d6400000| Untracked 
|  83|0x00000000d6500000, 0x00000000d6500000, 0x00000000d6600000|  0%| F|  |TAMS 0x00000000d6500000, 0x00000000d6500000| Untracked 
|  84|0x00000000d6600000, 0x00000000d6600000, 0x00000000d6700000|  0%| F|  |TAMS 0x00000000d6600000, 0x00000000d6600000| Untracked 
|  85|0x00000000d6700000, 0x00000000d6700000, 0x00000000d6800000|  0%| F|  |TAMS 0x00000000d6700000, 0x00000000d6700000| Untracked 
|  86|0x00000000d6800000, 0x00000000d6800000, 0x00000000d6900000|  0%| F|  |TAMS 0x00000000d6800000, 0x00000000d6800000| Untracked 
|  87|0x00000000d6900000, 0x00000000d6900000, 0x00000000d6a00000|  0%| F|  |TAMS 0x00000000d6900000, 0x00000000d6900000| Untracked 
|  88|0x00000000d6a00000, 0x00000000d6a00000, 0x00000000d6b00000|  0%| F|  |TAMS 0x00000000d6a00000, 0x00000000d6a00000| Untracked 
|  89|0x00000000d6b00000, 0x00000000d6b00000, 0x00000000d6c00000|  0%| F|  |TAMS 0x00000000d6b00000, 0x00000000d6b00000| Untracked 
|  90|0x00000000d6c00000, 0x00000000d6c00000, 0x00000000d6d00000|  0%| F|  |TAMS 0x00000000d6c00000, 0x00000000d6c00000| Untracked 
|  91|0x00000000d6d00000, 0x00000000d6d00000, 0x00000000d6e00000|  0%| F|  |TAMS 0x00000000d6d00000, 0x00000000d6d00000| Untracked 
|  92|0x00000000d6e00000, 0x00000000d6e00000, 0x00000000d6f00000|  0%| F|  |TAMS 0x00000000d6e00000, 0x00000000d6e00000| Untracked 
|  93|0x00000000d6f00000, 0x00000000d6f00000, 0x00000000d7000000|  0%| F|  |TAMS 0x00000000d6f00000, 0x00000000d6f00000| Untracked 
|  94|0x00000000d7000000, 0x00000000d7000000, 0x00000000d7100000|  0%| F|  |TAMS 0x00000000d7000000, 0x00000000d7000000| Untracked 
|  95|0x00000000d7100000, 0x00000000d7100000, 0x00000000d7200000|  0%| F|  |TAMS 0x00000000d7100000, 0x00000000d7100000| Untracked 
|  96|0x00000000d7200000, 0x00000000d7200000, 0x00000000d7300000|  0%| F|  |TAMS 0x00000000d7200000, 0x00000000d7200000| Untracked 
|  97|0x00000000d7300000, 0x00000000d7300000, 0x00000000d7400000|  0%| F|  |TAMS 0x00000000d7300000, 0x00000000d7300000| Untracked 
|  98|0x00000000d7400000, 0x00000000d7400000, 0x00000000d7500000|  0%| F|  |TAMS 0x00000000d7400000, 0x00000000d7400000| Untracked 
|  99|0x00000000d7500000, 0x00000000d7500000, 0x00000000d7600000|  0%| F|  |TAMS 0x00000000d7500000, 0x00000000d7500000| Untracked 
| 100|0x00000000d7600000, 0x00000000d7600000, 0x00000000d7700000|  0%| F|  |TAMS 0x00000000d7600000, 0x00000000d7600000| Untracked 
| 101|0x00000000d7700000, 0x00000000d7700000, 0x00000000d7800000|  0%| F|  |TAMS 0x00000000d7700000, 0x00000000d7700000| Untracked 
| 102|0x00000000d7800000, 0x00000000d7800000, 0x00000000d7900000|  0%| F|  |TAMS 0x00000000d7800000, 0x00000000d7800000| Untracked 
| 103|0x00000000d7900000, 0x00000000d7900000, 0x00000000d7a00000|  0%| F|  |TAMS 0x00000000d7900000, 0x00000000d7900000| Untracked 
| 104|0x00000000d7a00000, 0x00000000d7a00000, 0x00000000d7b00000|  0%| F|  |TAMS 0x00000000d7a00000, 0x00000000d7a00000| Untracked 
| 105|0x00000000d7b00000, 0x00000000d7b00000, 0x00000000d7c00000|  0%| F|  |TAMS 0x00000000d7b00000, 0x00000000d7b00000| Untracked 
| 106|0x00000000d7c00000, 0x00000000d7c00000, 0x00000000d7d00000|  0%| F|  |TAMS 0x00000000d7c00000, 0x00000000d7c00000| Untracked 
| 107|0x00000000d7d00000, 0x00000000d7d00000, 0x00000000d7e00000|  0%| F|  |TAMS 0x00000000d7d00000, 0x00000000d7d00000| Untracked 
| 108|0x00000000d7e00000, 0x00000000d7e00000, 0x00000000d7f00000|  0%| F|  |TAMS 0x00000000d7e00000, 0x00000000d7e00000| Untracked 
| 109|0x00000000d7f00000, 0x00000000d7f00000, 0x00000000d8000000|  0%| F|  |TAMS 0x00000000d7f00000, 0x00000000d7f00000| Untracked 
| 110|0x00000000d8000000, 0x00000000d8000000, 0x00000000d8100000|  0%| F|  |TAMS 0x00000000d8000000, 0x00000000d8000000| Untracked 
| 111|0x00000000d8100000, 0x00000000d8100000, 0x00000000d8200000|  0%| F|  |TAMS 0x00000000d8100000, 0x00000000d8100000| Untracked 
| 112|0x00000000d8200000, 0x00000000d8200000, 0x00000000d8300000|  0%| F|  |TAMS 0x00000000d8200000, 0x00000000d8200000| Untracked 
| 113|0x00000000d8300000, 0x00000000d8300000, 0x00000000d8400000|  0%| F|  |TAMS 0x00000000d8300000, 0x00000000d8300000| Untracked 
| 114|0x00000000d8400000, 0x00000000d8400000, 0x00000000d8500000|  0%| F|  |TAMS 0x00000000d8400000, 0x00000000d8400000| Untracked 
| 115|0x00000000d8500000, 0x00000000d8500000, 0x00000000d8600000|  0%| F|  |TAMS 0x00000000d8500000, 0x00000000d8500000| Untracked 
| 116|0x00000000d8600000, 0x00000000d8600000, 0x00000000d8700000|  0%| F|  |TAMS 0x00000000d8600000, 0x00000000d8600000| Untracked 
| 117|0x00000000d8700000, 0x00000000d8700000, 0x00000000d8800000|  0%| F|  |TAMS 0x00000000d8700000, 0x00000000d8700000| Untracked 
| 118|0x00000000d8800000, 0x00000000d8800000, 0x00000000d8900000|  0%| F|  |TAMS 0x00000000d8800000, 0x00000000d8800000| Untracked 
| 119|0x00000000d8900000, 0x00000000d8a00000, 0x00000000d8a00000|100%| S|CS|TAMS 0x00000000d8900000, 0x00000000d8900000| Complete 
| 120|0x00000000d8a00000, 0x00000000d8b00000, 0x00000000d8b00000|100%| S|CS|TAMS 0x00000000d8a00000, 0x00000000d8a00000| Complete 
| 121|0x00000000d8b00000, 0x00000000d8c00000, 0x00000000d8c00000|100%| S|CS|TAMS 0x00000000d8b00000, 0x00000000d8b00000| Complete 
| 122|0x00000000d8c00000, 0x00000000d8c00000, 0x00000000d8d00000|  0%| F|  |TAMS 0x00000000d8c00000, 0x00000000d8c00000| Untracked 
| 123|0x00000000d8d00000, 0x00000000d8d00000, 0x00000000d8e00000|  0%| F|  |TAMS 0x00000000d8d00000, 0x00000000d8d00000| Untracked 
| 124|0x00000000d8e00000, 0x00000000d8e00000, 0x00000000d8f00000|  0%| F|  |TAMS 0x00000000d8e00000, 0x00000000d8e00000| Untracked 
| 125|0x00000000d8f00000, 0x00000000d8f00000, 0x00000000d9000000|  0%| F|  |TAMS 0x00000000d8f00000, 0x00000000d8f00000| Untracked 
| 126|0x00000000d9000000, 0x00000000d9000000, 0x00000000d9100000|  0%| F|  |TAMS 0x00000000d9000000, 0x00000000d9000000| Untracked 
| 127|0x00000000d9100000, 0x00000000d9100000, 0x00000000d9200000|  0%| F|  |TAMS 0x00000000d9100000, 0x00000000d9100000| Untracked 

Card table byte_map: [0x0000027146f70000,0x00000271470f0000] _byte_map_base: 0x00000271468e7000

Marking Bits (Prev, Next): (CMBitMap*) 0x0000027133e8ad98, (CMBitMap*) 0x0000027133e8add0
 Prev Bits: [0x0000027147270000, 0x0000027147e28000)
 Next Bits: [0x0000027147e30000, 0x00000271489e8000)

Polling page: 0x0000027131e30000

Metaspace:

Usage:
  Non-class:      7.47 MB capacity,     7.37 MB ( 99%) used,    84.09 KB (  1%) free+waste,    10.94 KB ( <1%) overhead. 
      Class:    854.00 KB capacity,   777.15 KB ( 91%) used,    71.35 KB (  8%) free+waste,     5.50 KB ( <1%) overhead. 
       Both:      8.30 MB capacity,     8.13 MB ( 98%) used,   155.45 KB (  2%) free+waste,    16.44 KB ( <1%) overhead. 

Virtual space:
  Non-class space:       16.00 MB reserved,       7.50 MB ( 47%) committed 
      Class space:        1.00 GB reserved,     896.00 KB ( <1%) committed 
             Both:        1.02 GB reserved,       8.38 MB ( <1%) committed 

Chunk freelists:
   Non-Class:  35.00 KB
       Class:  10.00 KB
        Both:  45.00 KB

MaxMetaspaceSize: 17179869184.00 GB
CompressedClassSpaceSize: 1.00 GB
Initial GC threshold: 20.80 MB
Current GC threshold: 21.12 MB
CDS: off

CodeHeap 'non-profiled nmethods': size=120000Kb used=136Kb max_used=136Kb free=119864Kb
 bounds [0x000002713f590000, 0x000002713f800000, 0x0000027146ac0000]
CodeHeap 'profiled nmethods': size=120000Kb used=620Kb max_used=620Kb free=119379Kb
 bounds [0x0000027138060000, 0x00000271382d0000, 0x000002713f590000]
CodeHeap 'non-nmethods': size=5760Kb used=1115Kb max_used=1123Kb free=4644Kb
 bounds [0x0000027137ac0000, 0x0000027137d30000, 0x0000027138060000]
 total_blobs=797 nmethods=433 adapters=277
 compilation: enabled
              stopped_count=0, restarted_count=0
 full_count=0

Compilation events (20 events):
Event: 0.717 Thread 0x000002714b45d800 nmethod 408 0x000002713f5b1010 code [0x000002713f5b11c0, 0x000002713f5b1278]
Event: 0.717 Thread 0x000002714b45d800  425       3       jdk.internal.org.objectweb.asm.Type::getArgumentsAndReturnSizes (151 bytes)
Event: 0.718 Thread 0x000002714b45d800 nmethod 425 0x00000271380f4f90 code [0x00000271380f5300, 0x00000271380f6b78]
Event: 0.718 Thread 0x000002714b45d800  426       3       jdk.internal.org.objectweb.asm.ByteVector::putInt (74 bytes)
Event: 0.718 Thread 0x000002714b45d800 nmethod 426 0x00000271380f7410 code [0x00000271380f75e0, 0x00000271380f7828]
Event: 0.718 Thread 0x000002714b45d800  399       3       java.lang.String::getBytes (12 bytes)
Event: 0.718 Thread 0x000002714b45d800 nmethod 399 0x00000271380f7990 code [0x00000271380f7b60, 0x00000271380f7d28]
Event: 0.718 Thread 0x000002714b45d800  403       3       java.lang.StringCoding::encode (102 bytes)
Event: 0.719 Thread 0x000002714b45d800 nmethod 403 0x00000271380f7e10 code [0x00000271380f8100, 0x00000271380f90b8]
Event: 0.719 Thread 0x000002714b45d800  428       3       java.lang.invoke.MemberName::getName (25 bytes)
Event: 0.719 Thread 0x000002714b45d800 nmethod 428 0x00000271380f9610 code [0x00000271380f97e0, 0x00000271380f9b48]
Event: 0.720 Thread 0x000002714b45d800  431       3       java.util.ArrayList::add (25 bytes)
Event: 0.720 Thread 0x000002714b453000  433       4       java.lang.String::hashCode (49 bytes)
Event: 0.721 Thread 0x000002714b45d800 nmethod 431 0x00000271380f9c10 code [0x00000271380f9e20, 0x00000271380fa3d8]
Event: 0.721 Thread 0x000002714b45d800  432       3       java.util.ArrayList::add (23 bytes)
Event: 0.721 Thread 0x000002714b45d800 nmethod 432 0x00000271380fa610 code [0x00000271380fa820, 0x00000271380fad58]
Event: 0.721 Thread 0x000002714b45d800  430       1       java.util.logging.Logger::getName (5 bytes)
Event: 0.721 Thread 0x000002714b45d800 nmethod 430 0x000002713f5b1d10 code [0x000002713f5b1ec0, 0x000002713f5b1f78]
Event: 0.721 Thread 0x000002714b45d800  434       3       jdk.internal.org.objectweb.asm.Item::<init> (5 bytes)
Event: 0.721 Thread 0x000002714b45d800 nmethod 434 0x00000271380faf90 code [0x00000271380fb140, 0x00000271380fb298]

GC Heap History (2 events):
Event: 0.723 GC heap before
{Heap before GC invocations=0 (full 0):
 garbage-first heap   total 131072K, used 4096K [0x00000000d1200000, 0x0000000100000000)
  region size 1024K, 6 young (6144K), 0 survivors (0K)
 Metaspace       used 8327K, capacity 8499K, committed 8576K, reserved 1062912K
  class space    used 777K, capacity 854K, committed 896K, reserved 1048576K
}
Event: 0.726 GC heap after
{Heap after GC invocations=1 (full 0):
 garbage-first heap   total 131072K, used 3075K [0x00000000d1200000, 0x0000000100000000)
  region size 1024K, 3 young (3072K), 3 survivors (3072K)
 Metaspace       used 8327K, capacity 8499K, committed 8576K, reserved 1062912K
  class space    used 777K, capacity 854K, committed 896K, reserved 1048576K
}

Deoptimization events (16 events):
Event: 0.158 Thread 0x0000027133e5f800 Uncommon trap: trap_request=0xffffff4d fr.pc=0x000002713f5941a4 relative=0x0000000000000184
Event: 0.158 Thread 0x0000027133e5f800 Uncommon trap: reason=unstable_if action=reinterpret pc=0x000002713f5941a4 method=java.lang.String.hashCode()I @ 14 c2
Event: 0.158 Thread 0x0000027133e5f800 DEOPT PACKING pc=0x000002713f5941a4 sp=0x000000def4ffd810
Event: 0.158 Thread 0x0000027133e5f800 DEOPT UNPACKING pc=0x0000027137b0a1af sp=0x000000def4ffd7a8 mode 2
Event: 0.246 Thread 0x0000027133e5f800 Uncommon trap: trap_request=0xffffff4d fr.pc=0x000002713f5971e8 relative=0x0000000000000148
Event: 0.246 Thread 0x0000027133e5f800 Uncommon trap: reason=unstable_if action=reinterpret pc=0x000002713f5971e8 method=java.util.zip.ZipFile$Source.isMetaName([BII)Z @ 15 c2
Event: 0.246 Thread 0x0000027133e5f800 DEOPT PACKING pc=0x000002713f5971e8 sp=0x000000def4ffac20
Event: 0.246 Thread 0x0000027133e5f800 DEOPT UNPACKING pc=0x0000027137b0a1af sp=0x000000def4ffabc8 mode 2
Event: 0.698 Thread 0x0000027133e5f800 Uncommon trap: trap_request=0xffffff4d fr.pc=0x000002713f597590 relative=0x0000000000000070
Event: 0.698 Thread 0x0000027133e5f800 Uncommon trap: reason=unstable_if action=reinterpret pc=0x000002713f597590 method=java.lang.String.isLatin1()Z @ 10 c2
Event: 0.698 Thread 0x0000027133e5f800 DEOPT PACKING pc=0x000002713f597590 sp=0x000000def4ffb840
Event: 0.698 Thread 0x0000027133e5f800 DEOPT UNPACKING pc=0x0000027137b0a1af sp=0x000000def4ffb780 mode 2
Event: 0.698 Thread 0x0000027133e5f800 Uncommon trap: trap_request=0xffffff4d fr.pc=0x000002713f59b1f8 relative=0x0000000000000058
Event: 0.698 Thread 0x0000027133e5f800 Uncommon trap: reason=unstable_if action=reinterpret pc=0x000002713f59b1f8 method=java.lang.String.isLatin1()Z @ 10 c2
Event: 0.698 Thread 0x0000027133e5f800 DEOPT PACKING pc=0x000002713f59b1f8 sp=0x000000def4ffb7f0
Event: 0.698 Thread 0x0000027133e5f800 DEOPT UNPACKING pc=0x0000027137b0a1af sp=0x000000def4ffb780 mode 2

Classes redefined (0 events):
No events

Internal exceptions (2 events):
Event: 0.355 Thread 0x0000027133e5f800 Exception <a 'java/lang/NoSuchMethodError'{0x00000000d8d2a7e0}: 'java.lang.Object java.lang.invoke.DirectMethodHandle$Holder.invokeStaticInit(java.lang.Object, int, int, int, int)'> (0x00000000d8d2a7e0) thrown at [src/hotspot/share/interpreter/linkResolver.cpp, line 773]
Event: 0.706 Thread 0x0000027133e5f800 Exception <a 'java/lang/NoSuchMethodError'{0x00000000d8c05918}: 'java.lang.Object java.lang.invoke.DirectMethodHandle$Holder.invokeStaticInit(java.lang.Object, java.lang.Object, int, int, int, int)'> (0x00000000d8c05918) thrown at [src/hotspot/share/interpreter/linkResolver.cpp, line 773]

Events (20 events):
Event: 0.719 loading class sun/rmi/transport/DGCImpl
Event: 0.719 loading class java/rmi/dgc/DGC
Event: 0.720 loading class java/rmi/dgc/DGC done
Event: 0.720 loading class sun/rmi/transport/DGCImpl done
Event: 0.720 loading class sun/rmi/runtime/RuntimeUtil$GetInstanceAction
Event: 0.720 loading class sun/rmi/runtime/RuntimeUtil$GetInstanceAction done
Event: 0.720 loading class sun/rmi/runtime/RuntimeUtil
Event: 0.721 loading class sun/rmi/runtime/RuntimeUtil done
Event: 0.721 loading class java/util/concurrent/ScheduledThreadPoolExecutor
Event: 0.721 loading class java/util/concurrent/ScheduledExecutorService
Event: 0.721 loading class java/util/concurrent/ScheduledExecutorService done
Event: 0.721 loading class java/util/concurrent/ScheduledThreadPoolExecutor done
Event: 0.721 loading class sun/rmi/runtime/RuntimeUtil$1
Event: 0.721 loading class sun/rmi/runtime/RuntimeUtil$1 done
Event: 0.721 loading class java/util/concurrent/ScheduledThreadPoolExecutor$DelayedWorkQueue
Event: 0.721 loading class java/util/concurrent/ScheduledThreadPoolExecutor$DelayedWorkQueue done
Event: 0.722 loading class java/util/concurrent/RunnableScheduledFuture
Event: 0.722 loading class java/util/concurrent/RunnableFuture
Event: 0.722 loading class java/util/concurrent/Future
Event: 0.722 Executing VM operation: CollectForMetadataAllocation


Dynamic libraries:
0x00007ff6478c0000 - 0x00007ff6478ca000 	C:\Program Files\JetBrains\IntelliJ IDEA 2022.1.1\jbr\bin\java.exe
0x00007ffa2d510000 - 0x00007ffa2d708000 	C:\WINDOWS\SYSTEM32\ntdll.dll
0x00007ffa2c3c0000 - 0x00007ffa2c47f000 	C:\WINDOWS\System32\KERNEL32.DLL
0x00007ffa2b090000 - 0x00007ffa2b362000 	C:\WINDOWS\System32\KERNELBASE.dll
0x00007ffa2ada0000 - 0x00007ffa2aea0000 	C:\WINDOWS\System32\ucrtbase.dll
0x00007ffa17570000 - 0x00007ffa17589000 	C:\Program Files\JetBrains\IntelliJ IDEA 2022.1.1\jbr\bin\jli.dll
0x00007ffa16340000 - 0x00007ffa16356000 	C:\Program Files\JetBrains\IntelliJ IDEA 2022.1.1\jbr\bin\VCRUNTIME140.dll
0x00007ffa2cf10000 - 0x00007ffa2d0ad000 	C:\WINDOWS\System32\USER32.dll
0x00007ffa2b420000 - 0x00007ffa2b442000 	C:\WINDOWS\System32\win32u.dll
0x00007ffa13d60000 - 0x00007ffa13ffa000 	C:\WINDOWS\WinSxS\amd64_microsoft.windows.common-controls_6595b64144ccf1df_6.0.19041.1110_none_60b5254171f9507e\COMCTL32.dll
0x00007ffa2d4a0000 - 0x00007ffa2d4cb000 	C:\WINDOWS\System32\GDI32.dll
0x00007ffa2cde0000 - 0x00007ffa2ce7e000 	C:\WINDOWS\System32\msvcrt.dll
0x00007ffa2b450000 - 0x00007ffa2b55f000 	C:\WINDOWS\System32\gdi32full.dll
0x00007ffa2ad00000 - 0x00007ffa2ad9d000 	C:\WINDOWS\System32\msvcp_win.dll
0x00007ffa2d440000 - 0x00007ffa2d472000 	C:\WINDOWS\System32\IMM32.DLL
0x00007ff9fca70000 - 0x00007ff9fcb1a000 	C:\Program Files\JetBrains\IntelliJ IDEA 2022.1.1\jbr\bin\msvcp140.dll
0x00007ff9da980000 - 0x00007ff9db4fa000 	C:\Program Files\JetBrains\IntelliJ IDEA 2022.1.1\jbr\bin\server\jvm.dll
0x00007ffa2d0b0000 - 0x00007ffa2d15e000 	C:\WINDOWS\System32\ADVAPI32.dll
0x00007ffa2c5a0000 - 0x00007ffa2c63c000 	C:\WINDOWS\System32\sechost.dll
0x00007ffa2c7e0000 - 0x00007ffa2c905000 	C:\WINDOWS\System32\RPCRT4.dll
0x00007ffa2b630000 - 0x00007ffa2b638000 	C:\WINDOWS\System32\PSAPI.DLL
0x00007ffa0db90000 - 0x00007ffa0db99000 	C:\WINDOWS\SYSTEM32\WSOCK32.dll
0x00007ffa2c2e0000 - 0x00007ffa2c34b000 	C:\WINDOWS\System32\WS2_32.dll
0x00007ffa1c350000 - 0x00007ffa1c377000 	C:\WINDOWS\SYSTEM32\WINMM.dll
0x00007ffa22b90000 - 0x00007ffa22b9a000 	C:\WINDOWS\SYSTEM32\VERSION.dll
0x00007ffa29470000 - 0x00007ffa29482000 	C:\WINDOWS\SYSTEM32\kernel.appcore.dll
0x00007ffa27320000 - 0x00007ffa27331000 	C:\Program Files\JetBrains\IntelliJ IDEA 2022.1.1\jbr\bin\verify.dll
0x00007ffa28780000 - 0x00007ffa28964000 	C:\WINDOWS\SYSTEM32\DBGHELP.DLL
0x00007ffa0db50000 - 0x00007ffa0db7c000 	C:\WINDOWS\SYSTEM32\dbgcore.DLL
0x00007ffa2b000000 - 0x00007ffa2b082000 	C:\WINDOWS\System32\bcryptPrimitives.dll
0x00007ffa178e0000 - 0x00007ffa17909000 	C:\Program Files\JetBrains\IntelliJ IDEA 2022.1.1\jbr\bin\java.dll
0x00007ffa273f0000 - 0x00007ffa273fb000 	C:\Program Files\JetBrains\IntelliJ IDEA 2022.1.1\jbr\bin\jimage.dll
0x00007ffa268a0000 - 0x00007ffa268b9000 	C:\Program Files\JetBrains\IntelliJ IDEA 2022.1.1\jbr\bin\zip.dll
0x00007ffa2b640000 - 0x00007ffa2bd83000 	C:\WINDOWS\System32\SHELL32.dll
0x00007ffa28c70000 - 0x00007ffa29402000 	C:\WINDOWS\SYSTEM32\windows.storage.dll
0x00007ffa2bed0000 - 0x00007ffa2c224000 	C:\WINDOWS\System32\combase.dll
0x00007ffa2a670000 - 0x00007ffa2a6a0000 	C:\WINDOWS\SYSTEM32\Wldp.dll
0x00007ffa2c230000 - 0x00007ffa2c2dd000 	C:\WINDOWS\System32\SHCORE.dll
0x00007ffa2be70000 - 0x00007ffa2bec5000 	C:\WINDOWS\System32\shlwapi.dll
0x00007ffa2ab50000 - 0x00007ffa2ab6f000 	C:\WINDOWS\SYSTEM32\profapi.dll
0x00007ffa25aa0000 - 0x00007ffa25aba000 	C:\Program Files\JetBrains\IntelliJ IDEA 2022.1.1\jbr\bin\net.dll
0x00007ffa24fb0000 - 0x00007ffa250bc000 	C:\WINDOWS\SYSTEM32\WINHTTP.dll
0x00007ffa2a3d0000 - 0x00007ffa2a43a000 	C:\WINDOWS\system32\mswsock.dll
0x00007ffa178c0000 - 0x00007ffa178d4000 	C:\Program Files\JetBrains\IntelliJ IDEA 2022.1.1\jbr\bin\nio.dll
0x00007ffa2a5d0000 - 0x00007ffa2a5e8000 	C:\WINDOWS\SYSTEM32\CRYPTSP.dll
0x00007ffa29c40000 - 0x00007ffa29c74000 	C:\WINDOWS\system32\rsaenh.dll
0x00007ffa2ac80000 - 0x00007ffa2aca7000 	C:\WINDOWS\System32\bcrypt.dll
0x00007ffa2aad0000 - 0x00007ffa2aafe000 	C:\WINDOWS\SYSTEM32\USERENV.dll
0x00007ffa2a5c0000 - 0x00007ffa2a5cc000 	C:\WINDOWS\SYSTEM32\CRYPTBASE.dll
0x00007ffa2a050000 - 0x00007ffa2a08b000 	C:\WINDOWS\SYSTEM32\IPHLPAPI.DLL
0x00007ffa2c3b0000 - 0x00007ffa2c3b8000 	C:\WINDOWS\System32\NSI.dll
0x00007ffa22ba0000 - 0x00007ffa22bb7000 	C:\WINDOWS\SYSTEM32\dhcpcsvc6.DLL
0x00007ffa229b0000 - 0x00007ffa229cd000 	C:\WINDOWS\SYSTEM32\dhcpcsvc.DLL
0x00007ffa2a0c0000 - 0x00007ffa2a18a000 	C:\WINDOWS\SYSTEM32\DNSAPI.dll

dbghelp: loaded successfully - version: 4.0.5 - missing functions: none
symbol engine: initialized successfully - sym options: 0x614 - pdb path: .;C:\Program Files\JetBrains\IntelliJ IDEA 2022.1.1\jbr\bin;C:\WINDOWS\SYSTEM32;C:\WINDOWS\WinSxS\amd64_microsoft.windows.common-controls_6595b64144ccf1df_6.0.19041.1110_none_60b5254171f9507e;C:\Program Files\JetBrains\IntelliJ IDEA 2022.1.1\jbr\bin\server

VM Arguments:
jvm_args: -Djava.rmi.server.hostname=127.0.0.1 -Duser.timezone=UTC -Xmx750m -Xms128m -Dfile.encoding=UTF-8 
java_command: com.intellij.database.remote.RemoteJdbcServer org.postgresql.Driver
java_class_path (initial): C:\Program Files\JetBrains\IntelliJ IDEA 2022.1.1\lib\util_rt.jar;C:\Program Files\JetBrains\IntelliJ IDEA 2022.1.1\lib\util.jar;C:\Program Files\JetBrains\IntelliJ IDEA 2022.1.1\lib\groovy.jar;C:\Program Files\JetBrains\IntelliJ IDEA 2022.1.1\plugins\DatabaseTools\lib\jdbc-console.jar;C:\Users\42194\AppData\Roaming\JetBrains\IntelliJIdea2022.1\jdbc-drivers\PostgreSQL\42.5.0\org\postgresql\postgresql\42.5.0\postgresql-42.5.0.jar;C:\Users\42194\AppData\Roaming\JetBrains\IntelliJIdea2022.1\jdbc-drivers\PostgreSQL\42.5.0\org\checkerframework\checker-qual\3.5.0\checker-qual-3.5.0.jar;C:\Users\42194\AppData\Roaming\JetBrains\IntelliJIdea2022.1\jdbc-drivers\PostgreSQL\42.5.0\net\java\dev\jna\jna-platform\4.5.1\jna-platform-4.5.1.jar;C:\Users\42194\AppData\Roaming\JetBrains\IntelliJIdea2022.1\jdbc-drivers\PostgreSQL\42.5.0\net\java\dev\jna\jna\4.5.1\jna-4.5.1.jar;C:\Users\42194\AppData\Roaming\JetBrains\IntelliJIdea2022.1\jdbc-drivers\PostgreSQL\42.5.0\com\github\waffle\waffle-jna\1.9.1\waffle-jna-1.9.1.jar;C:\Users\42194\AppData\Roaming\JetBrains\IntelliJIdea2022.1\jdbc-drivers\PostgreSQL\42.5.0\org\slf4j\jcl-over-slf4j\1.7.25\jcl-over-slf4j-1.7.25.jar;C:\Users\42194\AppData\Roaming\JetBrains\IntelliJIdea2022.1\jdbc-drivers\PostgreSQL\42.5.0\org\slf4j\slf4j-api\1.7.25\slf4j-api-1.7.25.jar;C:\Users\42194\AppData\Roaming\JetBrains\IntelliJIdea2022.1\jdbc-drivers\PostgreSQL\42.5.0\com\github\ben-manes\caffeine\caffeine\2.6.2\caffeine-2.6.2.jar
Launcher Type: SUN_STANDARD

[Global flags]
     intx CICompilerCount                          = 4                                         {product} {ergonomic}
     uint ConcGCThreads                            = 2                                         {product} {ergonomic}
     uint G1ConcRefinementThreads                  = 8                                         {product} {ergonomic}
   size_t G1HeapRegionSize                         = 1048576                                   {product} {ergonomic}
    uintx GCDrainStackTargetSize                   = 64                                        {product} {ergonomic}
   size_t InitialHeapSize                          = 134217728                                 {product} {command line}
   size_t MarkStackSize                            = 4194304                                   {product} {ergonomic}
   size_t MaxHeapSize                              = 786432000                                 {product} {command line}
   size_t MaxNewSize                               = 471859200                                 {product} {ergonomic}
   size_t MinHeapDeltaBytes                        = 1048576                                   {product} {ergonomic}
    uintx NonNMethodCodeHeapSize                   = 5836300                                {pd product} {ergonomic}
    uintx NonProfiledCodeHeapSize                  = 122910970                              {pd product} {ergonomic}
    uintx ProfiledCodeHeapSize                     = 122910970                              {pd product} {ergonomic}
    uintx ReservedCodeCacheSize                    = 251658240                              {pd product} {ergonomic}
     bool SegmentedCodeCache                       = true                                      {product} {ergonomic}
     bool UseCompressedClassPointers               = true                                 {lp64_product} {ergonomic}
     bool UseCompressedOops                        = true                                 {lp64_product} {ergonomic}
     bool UseG1GC                                  = true                                      {product} {ergonomic}
     bool UseLargePagesIndividualAllocation        = false                                  {pd product} {ergonomic}

Logging:
Log output configuration:
 #0: stdout all=warning uptime,level,tags
 #1: stderr all=off uptime,level,tags

Environment Variables:
PATH=C:\Program Files\Zulu\zulu-17\bin\;C:\Program Files (x86)\Common Files\Oracle\Java\javapath;C:\Windows\system32;C:\Windows;C:\Windows\System32\Wbem;C:\Windows\System32\WindowsPowerShell\v1.0\;C:\Windows\System32\OpenSSH\;C:\Program Files (x86)\NVIDIA Corporation\PhysX\Common;C:\WINDOWS\system32;C:\WINDOWS;C:\WINDOWS\System32\Wbem;C:\WINDOWS\System32\WindowsPowerShell\v1.0\;C:\WINDOWS\System32\OpenSSH\;C:\Program Files\NVIDIA Corporation\NVIDIA NvDLISR;C:\WINDOWS\system32;C:\WINDOWS;C:\WINDOWS\System32\Wbem;C:\WINDOWS\System32\WindowsPowerShell\v1.0\;C:\WINDOWS\System32\OpenSSH\;C:\Program Files\Git\cmd;C:\Program Files\nodejs\; C:\Program Files\Java\apache-maven-3.8.6\bin;C:\ProgramData\chocolatey\bin;%RABBITMQ_SERVER%\sbin;C:\Program Files\Erlang OTP\erts-13.1.2\\bin;C:\Program Files\dotnet;C:\Users\42194\AppData\Local\Programs\Python\Python310\Scripts\;C:\Users\42194\AppData\Local\Programs\Python\Python310\;C:\Users\42194\scoop\shims;C:\Users\42194\AppData\Local\Programs\Python\Python37\Scripts\;C:\Users\42194\AppData\Local\Programs\Python\Python37\;C:\Users\42194\AppData\Local\Microsoft\WindowsApps;C:\Users\42194\AppData\Local\Programs\Microsoft VS Code\bin;C:\Users\42194\AppData\Local\GitHubDesktop\bin;C:\Users\42194\go\bin;C:\src\flutter\bin;C:\Users\42194\AppData\Local\atom\bin;C:\Users\42194\AppData\Local\Programs\Hyper\resources\bin;C:\Program Files\heroku\bin;C:\Users\42194\AppData\Roaming\npm;C:\Program Files\Java\apache-maven-3.8.6\bin;C:\Program Files\JetBrains\JetBrains Rider 2022.2.2\bin;C:\Users\42194\AppData\Local\JetBrains\Toolbox\scripts;C:\Users\42194\.dotnet\tools;C:\Users\42194\.dotnet\tools;
USERNAME=42194
OS=Windows_NT
PROCESSOR_IDENTIFIER=Intel64 Family 6 Model 142 Stepping 10, GenuineIntel



---------------  S Y S T E M  ---------------

OS: Windows 10 , 64 bit Build 19041 (10.0.19041.2251)
OS uptime: 6 days 12:16 hours
Hyper-V role detected

CPU:total 8 (initial active 8) (4 cores per cpu, 2 threads per core) family 6 model 142 stepping 10 microcode 0xd6, cmov, cx8, fxsr, mmx, sse, sse2, sse3, ssse3, sse4.1, sse4.2, popcnt, avx, avx2, aes, clmul, erms, 3dnowpref, lzcnt, ht, tsc, tscinvbit, bmi1, bmi2, adx, fma

Memory: 4k page, system-wide physical 16258M (2352M free)
TotalPageFile size 16258M (AvailPageFile size 3M)
current process WorkingSet (physical memory assigned to process): 51M, peak: 51M
current process commit charge ("private bytes"): 210M, peak: 211M

vm_info: OpenJDK 64-Bit Server VM (11.0.14.1+1-b2043.45) for windows-amd64 JRE (11.0.14.1+1-b2043.45), built on Apr 25 2022 05:49:45 by "" with MS VC++ 14.0 (VS2015)

END.
